  [1m[36m (81.9ms)[0m  [1mCREATE TABLE `schema_migrations` (`version` varchar(255) NOT NULL) ENGINE=InnoDB[0m
  [1m[35m (53.1ms)[0m  CREATE UNIQUE INDEX `unique_schema_migrations`  ON `schema_migrations` (`version`) 
  [1m[36mActiveRecord::SchemaMigration Load (0.0ms)[0m  [1mSELECT `schema_migrations`.* FROM `schema_migrations`[0m
  [1m[36mActiveRecord::SchemaMigration Load (0.1ms)[0m  [1mSELECT `schema_migrations`.* FROM `schema_migrations`[0m
Migrating to CreateVehicles (20171014003053)
  [1m[35m (22.7ms)[0m  CREATE TABLE `vehicles` (`id` int(11) auto_increment PRIMARY KEY, `uid` varchar(255), `created_at` datetime NOT NULL, `updated_at` datetime NOT NULL) ENGINE=InnoDB
  [1m[36m (0.1ms)[0m  [1mBEGIN[0m
  [1m[35mSQL (15.5ms)[0m  INSERT INTO `schema_migrations` (`version`) VALUES ('20171014003053')
  [1m[36m (11.2ms)[0m  [1mCOMMIT[0m
Migrating to CreateLocations (20171014003103)
  [1m[36mActiveRecord::SchemaMigration Load (0.1ms)[0m  [1mSELECT `schema_migrations`.* FROM `schema_migrations`[0m
Migrating to CreateLocations (20171014003103)
  [1m[35m (8.5ms)[0m  CREATE TABLE `locations` (`id` int(11) auto_increment PRIMARY KEY, `lat` float, `lng` float, `created_at` datetime NOT NULL, `updated_at` datetime NOT NULL) ENGINE=InnoDB
  [1m[36m (0.0ms)[0m  [1mBEGIN[0m
  [1m[35mSQL (0.3ms)[0m  INSERT INTO `schema_migrations` (`version`) VALUES ('20171014003103')
  [1m[36m (4.2ms)[0m  [1mCOMMIT[0m
  [1m[35mActiveRecord::SchemaMigration Load (6.7ms)[0m  SELECT `schema_migrations`.* FROM `schema_migrations`
  [1m[36m (0.2ms)[0m  [1mSELECT fk.referenced_table_name as 'to_table'
      ,fk.referenced_column_name as 'primary_key'
      ,fk.column_name as 'column'
      ,fk.constraint_name as 'name'
FROM information_schema.key_column_usage fk
WHERE fk.referenced_column_name is not null
  AND fk.table_schema = 'VehicleMap_development'
  AND fk.table_name = 'locations'
[0m
  [1m[35m (0.1ms)[0m  SHOW CREATE TABLE `locations`
  [1m[36m (0.1ms)[0m  [1mSELECT fk.referenced_table_name as 'to_table'
      ,fk.referenced_column_name as 'primary_key'
      ,fk.column_name as 'column'
      ,fk.constraint_name as 'name'
FROM information_schema.key_column_usage fk
WHERE fk.referenced_column_name is not null
  AND fk.table_schema = 'VehicleMap_development'
  AND fk.table_name = 'vehicles'
[0m
  [1m[35m (0.1ms)[0m  SHOW CREATE TABLE `vehicles`
